<?xml version="1.0" encoding="UTF-8"?>
<!-- Generated by org.testng.reporters.JUnitReportReporter -->
<testsuite hostname="DESKTOP-VJ9KFR0" failures="0" tests="1" name="testCases.TC001_AccountRegister" time="2.184" errors="0" timestamp="2024-08-22T02:59:42 IST" skipped="0">
  <testcase classname="testCases.TC001_AccountRegister" name="verify_account_registration" time="2.184"/>
</testsuite> <!-- testCases.TC001_AccountRegister -->
