<?xml version="1.0" encoding="UTF-8"?>
<!-- Generated by org.testng.reporters.JUnitReportReporter -->
<testsuite hostname="DESKTOP-VJ9KFR0" failures="0" tests="1" name="testCases.TC001_AccountRegister" time="3.023" errors="0" timestamp="2024-08-20T23:55:18 IST" skipped="0">
  <testcase classname="testCases.TC001_AccountRegister" name="verify_account_registration" time="3.023"/>
</testsuite> <!-- testCases.TC001_AccountRegister -->
