<?xml version="1.0" encoding="UTF-8"?>
<!-- Generated by org.testng.reporters.JUnitReportReporter -->
<testsuite hostname="DESKTOP-VJ9KFR0" failures="0" tests="1" name="testCases.TC001_AccountRegister" time="3.456" errors="0" timestamp="2024-09-04T18:41:46 IST" skipped="0">
  <testcase classname="testCases.TC001_AccountRegister" name="verify_account_registration" time="3.456"/>
</testsuite> <!-- testCases.TC001_AccountRegister -->
